[11:55:08] [main/INFO]: Environment: authHost='https://authserver.mojang.com', accountsHost='https://api.mojang.com', sessionHost='https://sessionserver.mojang.com', servicesHost='https://api.minecraftservices.com', name='PROD'
[11:55:08] [main/INFO]: Found new data pack file/bukkit, loading it automatically
[11:55:09] [main/INFO]: Reloading ResourceManager: Default, bukkit
[11:55:09] [Worker-Main-1/INFO]: Loaded 7 recipes
[11:55:10] [Server thread/INFO]: Starting minecraft server version 1.16.4
[11:55:10] [Server thread/INFO]: Loading properties
[11:55:10] [Server thread/INFO]: This server is running Paper version git-Paper-416 (MC: 1.16.4) (Implementing API version 1.16.4-R0.1-SNAPSHOT)
[11:55:10] [Server thread/INFO]: Debug logging is disabled
[11:55:10] [Server thread/INFO]: Server Ping Player Sample Count: 12
[11:55:10] [Server thread/INFO]: Using 4 threads for Netty based IO
[11:55:10] [Server thread/INFO]: Default game type: SURVIVAL
[11:55:10] [Server thread/INFO]: Generating keypair
[11:55:10] [Server thread/INFO]: Starting Minecraft server on *:25565
[11:55:11] [Server thread/INFO]: Using epoll channel type
[11:55:11] [Server thread/WARN]: **** SERVER IS RUNNING IN OFFLINE/INSECURE MODE!
[11:55:11] [Server thread/WARN]: The server will make no attempt to authenticate usernames. Beware.
[11:55:11] [Server thread/WARN]: While this makes the game possible to play without internet access, it also opens up the ability for hackers to connect with any username they choose.
[11:55:11] [Server thread/WARN]: To change this, set "online-mode" to "true" in the server.properties file.
[11:55:11] [Server thread/INFO]: Preparing level "world"
[11:55:14] [Server thread/WARN]: Unable to find spawn biome
[11:55:15] [Server thread/WARN]: Unable to find spawn biome
[11:55:15] [Server thread/INFO]: Preparing start region for dimension minecraft:overworld
[11:55:16] [Server thread/INFO]: Loaded 0 spawn chunks for world world
[11:55:16] [Worker-Main-1/INFO]: Preparing spawn area: 0%
[11:55:16] [Server thread/INFO]: Time elapsed: 479 ms
[11:55:16] [Server thread/INFO]: Preparing start region for dimension minecraft:the_nether
[11:55:16] [Server thread/INFO]: Loaded 0 spawn chunks for world world_nether
[11:55:16] [Worker-Main-2/INFO]: Preparing spawn area: 0%
[11:55:16] [Server thread/INFO]: Time elapsed: 443 ms
[11:55:16] [Server thread/INFO]: Preparing start region for dimension minecraft:the_end
[11:55:16] [Server thread/INFO]: Loaded 0 spawn chunks for world world_the_end
[11:55:17] [Server thread/INFO]: Time elapsed: 317 ms
[11:55:17] [Server thread/INFO]: Running delayed init tasks
[11:55:17] [Server thread/INFO]: Done (6.272s)! For help, type "help"
[11:55:17] [Server thread/INFO]: Timings Reset
